<?xml version="1.0" encoding="UTF-8"?>
<!-- Generated by org.testng.reporters.JUnitXMLReporter -->
<testsuite hostname="DESKTOP-MD5MIM9" ignored="0" name="Test" tests="1" failures="0" timestamp="2020-07-17T14:55:33 IST" time="2.121" errors="0">
  <testcase name="@BeforeClass setUp" time="2.067" classname="com.innetBanking_testCases.Base">
    <failure type="java.lang.NoSuchMethodError" message="org.apache.commons.io.FileUtils.copyInputStreamToFile(Ljava/io/InputStream;Ljava/io/File;)V">
      <![CDATA[java.lang.NoSuchMethodError: org.apache.commons.io.FileUtils.copyInputStreamToFile(Ljava/io/InputStream;Ljava/io/File;)V
at io.github.bonigarcia.wdm.Downloader.downloadAndExtract(Downloader.java:135)
at io.github.bonigarcia.wdm.Downloader.download(Downloader.java:81)
at io.github.bonigarcia.wdm.WebDriverManager.downloadCandidateUrls(WebDriverManager.java:784)
at io.github.bonigarcia.wdm.WebDriverManager.downloadAndExport(WebDriverManager.java:578)
at io.github.bonigarcia.wdm.WebDriverManager.manage(WebDriverManager.java:547)
at io.github.bonigarcia.wdm.WebDriverManager.setup(WebDriverManager.java:260)
at com.innetBanking_testCases.Base.setUp(Base.java:44)
at java.util.ArrayList.forEach(ArrayList.java:1257)
... Removed 25 stack frames]]>
    </failure>
  </testcase> <!-- @BeforeClass setUp -->
  <testcase name="loginTest" time="0.0" classname="com.innetBanking_testCases.TC_loginTest_001">
    <skipped/>
  </testcase> <!-- loginTest -->
</testsuite> <!-- Test -->
