<?xml version="1.0" encoding="UTF-8"?>
<testng-results skipped="0" failed="0" ignored="0" total="1" passed="1">
  <reporter-output>
  </reporter-output>
  <suite name="inetBankingv1" duration-ms="45061" started-at="2020-07-25T11:52:22 IST" finished-at="2020-07-25T11:53:07 IST">
    <groups>
    </groups>
    <test name="BankingApptest" duration-ms="45061" started-at="2020-07-25T11:52:22 IST" finished-at="2020-07-25T11:53:07 IST">
      <class name="com.innetBanking_testCases.TC_AddCustomerTest_003">
        <test-method status="PASS" signature="setUp(java.lang.String)[pri:0, instance:com.innetBanking_testCases.TC_AddCustomerTest_003@490ab905]" name="setUp" is-config="true" duration-ms="16548" started-at="2020-07-25T11:52:22 IST" finished-at="2020-07-25T11:52:39 IST">
          <params>
            <param index="0">
              <value>
                <![CDATA[chrome]]>
              </value>
            </param>
          </params>
          <reporter-output>
          </reporter-output>
        </test-method> <!-- setUp -->
        <test-method status="PASS" signature="addNewCustome()[pri:0, instance:com.innetBanking_testCases.TC_AddCustomerTest_003@490ab905]" name="addNewCustome" duration-ms="27717" started-at="2020-07-25T11:52:39 IST" finished-at="2020-07-25T11:53:07 IST">
          <reporter-output>
          </reporter-output>
        </test-method> <!-- addNewCustome -->
        <test-method status="PASS" signature="close()[pri:0, instance:com.innetBanking_testCases.TC_AddCustomerTest_003@490ab905]" name="close" is-config="true" duration-ms="651" started-at="2020-07-25T11:53:07 IST" finished-at="2020-07-25T11:53:07 IST">
          <reporter-output>
          </reporter-output>
        </test-method> <!-- close -->
      </class> <!-- com.innetBanking_testCases.TC_AddCustomerTest_003 -->
    </test> <!-- BankingApptest -->
  </suite> <!-- inetBankingv1 -->
</testng-results>
